<?xml version="1.0" encoding="UTF-8"?>
<!-- Generated by org.testng.reporters.JUnitXMLReporter -->
<testsuite ignored="1" hostname="Betuls-Laptop" failures="0" tests="2" name="Smoke Test" time="15.076" errors="0" timestamp="2024-09-10T19:38:11 MDT">
  <testcase classname="com.neotech.testcases.LoginTest" name="emptyPasswordLogin" time="0.412"/>
  <testcase classname="com.neotech.testcases.LoginTest" name="validLogin" time="3.289"/>
  <testcase classname="com.neotech.testcases.LoginTest" name="invalidPasswordLogin" time="0.0">
    <ignored/>
  </testcase> <!-- invalidPasswordLogin -->
</testsuite> <!-- Smoke Test -->
