<?xml version="1.0" encoding="UTF-8"?>
<!-- Generated by org.testng.reporters.JUnitXMLReporter -->
<testsuite ignored="1" hostname="Betuls-Laptop" failures="0" tests="2" name="Regression Test" time="13.582" errors="0" timestamp="2024-09-10T19:39:30 MDT">
  <testcase classname="com.neotech.testcases.LoginTest" name="invalidPasswordLogin" time="2.859"/>
  <testcase classname="com.neotech.testcases.LoginTest" name="validLogin" time="3.091"/>
  <testcase classname="com.neotech.testcases.LoginTest" name="emptyPasswordLogin" time="0.0">
    <ignored/>
  </testcase> <!-- emptyPasswordLogin -->
</testsuite> <!-- Regression Test -->
