<?xml version="1.0" encoding="UTF-8"?>
<!-- Generated by org.testng.reporters.JUnitXMLReporter -->
<testsuite ignored="0" hostname="Betuls-Laptop" failures="0" tests="3" name="addEmp Test" time="98.135" errors="0" timestamp="2024-09-12T11:56:36 MDT">
  <testcase classname="com.neotech.testcases.AddEmployeeTest" name="AddEmployee" time="31.29"/>
  <testcase classname="com.neotech.testcases.AddEmployeeTest" name="AddEmployee" time="27.237"/>
  <testcase classname="com.neotech.testcases.AddEmployeeTest" name="AddEmployee" time="28.581"/>
</testsuite> <!-- addEmp Test -->
